<?xml version="1.0" encoding="UTF-8"?>
<!-- Generated by org.testng.reporters.JUnitReportReporter -->
<testsuite hostname="LAPTOP-L1GLGRDL" failures="0" tests="1" name="cucumberOptions.TestNGTestRunner" time="17.079" errors="0" timestamp="2024-04-11T17:45:39 IST" skipped="0">
  <testcase classname="cucumberOptions.TestNGTestRunner" name="runScenario" time="17.079"/>
  <system-out/>
</testsuite> <!-- cucumberOptions.TestNGTestRunner -->
