<?xml version="1.0" encoding="UTF-8"?>
<!-- Generated by org.testng.reporters.JUnitReportReporter -->
<testsuite hostname="LAPTOP-L1GLGRDL" failures="0" tests="1" name="cucumberOptions.TestNGTestRunner" time="14.043" errors="0" timestamp="2024-04-20T14:01:32 IST" skipped="0">
  <testcase classname="cucumberOptions.TestNGTestRunner" name="runScenario" time="14.043"/>
  <system-out/>
</testsuite> <!-- cucumberOptions.TestNGTestRunner -->
